{"error":{"clientVersion":"5.12.1","name":"PrismaClientInitializationError"},"level":"error","message":"Falha ao objter posts"}
{"level":"info","message":"Posts obtidos com sucesso"}
{"level":"info","message":"Posts obtidos com sucesso"}
{"level":"info","message":"Posts obtidos com sucesso"}
{"level":"info","message":"Posts obtidos com sucesso"}
{"level":"info","message":"Posts obtidos com sucesso"}
{"level":"info","message":"Posts obtidos com sucesso"}
{"level":"info","message":"Posts obtidos com sucesso"}
{"level":"info","message":"Posts obtidos com sucesso"}
{"error":{},"level":"error","message":"Falha ao objter posts"}
{"error":{},"level":"error","message":"Falha ao objter posts"}
{"error":{},"level":"error","message":"Falha ao objter posts"}
{"error":{},"level":"error","message":"Falha ao objter posts"}
{"error":{},"level":"error","message":"Falha ao objter posts"}
{"error":{},"level":"error","message":"Falha ao objter posts"}
{"error":{},"level":"error","message":"Falha ao objter posts"}
{"error":{"clientVersion":"5.12.1","name":"PrismaClientValidationError"},"level":"error","message":"Falha ao objter posts"}
{"error":{},"level":"error","message":"Falha ao objter posts"}
{"error":{},"level":"error","message":"Falha ao objter posts"}
{"error":{},"level":"error","message":"Falha ao objter posts"}
{"error":{},"level":"error","message":"Falha ao objter posts"}
{"error":{},"level":"error","message":"Falha ao objter posts"}
{"error":{},"level":"error","message":"Falha ao objter posts"}
{"error":{},"level":"error","message":"Falha ao objter posts"}
{"error":{},"level":"error","message":"Falha ao objter posts"}
{"error":{},"level":"error","message":"Falha ao objter posts"}
{"error":{},"level":"error","message":"Falha ao objter posts"}
{"error":{},"level":"error","message":"Falha ao objter posts"}
{"error":{},"level":"error","message":"Falha ao objter posts"}
{"level":"info","message":"Posts obtidos com sucesso"}
{"level":"info","message":"Posts obtidos com sucesso"}
{"error":{"clientVersion":"5.12.1","name":"PrismaClientInitializationError"},"level":"error","message":"Falha ao objter posts"}
{"error":{"clientVersion":"5.12.1","name":"PrismaClientInitializationError"},"level":"error","message":"Falha ao objter posts"}
{"error":{"clientVersion":"5.12.1","name":"PrismaClientInitializationError"},"level":"error","message":"Falha ao objter posts"}
{"error":{"clientVersion":"5.12.1","name":"PrismaClientInitializationError"},"level":"error","message":"Falha ao objter posts"}
{"error":{"clientVersion":"5.12.1","name":"PrismaClientInitializationError"},"level":"error","message":"Falha ao objter posts"}
{"error":{"clientVersion":"5.12.1","name":"PrismaClientInitializationError"},"level":"error","message":"Falha ao objter posts"}
{"error":{"clientVersion":"5.12.1","name":"PrismaClientInitializationError"},"level":"error","message":"Falha ao objter posts"}
{"error":{"clientVersion":"5.12.1","name":"PrismaClientInitializationError"},"level":"error","message":"Falha ao objter posts"}
{"error":{"clientVersion":"5.12.1","name":"PrismaClientInitializationError"},"level":"error","message":"Falha ao objter posts"}
{"error":{"clientVersion":"5.12.1","name":"PrismaClientInitializationError"},"level":"error","message":"Falha ao objter posts"}
{"error":{"clientVersion":"5.12.1","name":"PrismaClientInitializationError"},"level":"error","message":"Falha ao objter posts"}
{"error":{"clientVersion":"5.12.1","name":"PrismaClientInitializationError"},"level":"error","message":"Falha ao objter posts"}
{"level":"info","message":"Posts obtidos com sucesso"}
{"level":"info","message":"Posts obtidos com sucesso"}
{"level":"info","message":"Posts obtidos com sucesso"}
{"level":"info","message":"Posts obtidos com sucesso"}
{"level":"info","message":"Posts obtidos com sucesso"}
{"error":{},"level":"error","message":"Falha ao objter o post com slug: ","slug":"otimizacao-de-performance-no-reactasd"}
{"error":{},"level":"error","message":"Falha ao objter o post com slug: ","slug":"otimizacao-de-performance-no-reactada"}
{"error":{},"level":"error","message":"Falha ao objter o post com slug: ","slug":"angular-primeiros-passoss"}
{"error":{},"level":"error","message":"Falha ao objter posts"}
{"error":{},"level":"error","message":"Falha ao objter posts"}
{"error":{},"level":"error","message":"Falha ao objter posts"}
{"error":{},"level":"error","message":"Falha ao objter posts"}
{"error":{"clientVersion":"5.12.1","name":"PrismaClientValidationError"},"level":"error","message":"Falha ao objter posts"}
{"error":{"clientVersion":"5.12.1","name":"PrismaClientValidationError"},"level":"error","message":"Falha ao objter posts"}
{"error":{"clientVersion":"5.12.1","name":"PrismaClientValidationError"},"level":"error","message":"Falha ao objter posts"}
{"error":{"clientVersion":"5.12.1","name":"PrismaClientValidationError"},"level":"error","message":"Falha ao objter posts"}
{"error":{"clientVersion":"5.12.1","name":"PrismaClientValidationError"},"level":"error","message":"Falha ao objter posts"}
{"error":{"clientVersion":"5.12.1","name":"PrismaClientValidationError"},"level":"error","message":"Falha ao objter posts"}
{"error":{"clientVersion":"5.12.1","name":"PrismaClientValidationError"},"level":"error","message":"Falha ao objter posts"}
{"error":{"clientVersion":"5.12.1","name":"PrismaClientValidationError"},"level":"error","message":"Falha ao objter posts"}
{"error":{"clientVersion":"5.12.1","name":"PrismaClientValidationError"},"level":"error","message":"Falha ao objter posts"}
{"error":{"clientVersion":"5.12.1","name":"PrismaClientValidationError"},"level":"error","message":"Falha ao objter posts"}
{"error":{"clientVersion":"5.12.1","name":"PrismaClientValidationError"},"level":"error","message":"Falha ao objter posts"}
{"error":{"clientVersion":"5.12.1","name":"PrismaClientValidationError"},"level":"error","message":"Falha ao objter posts"}
{"error":{"clientVersion":"5.12.1","name":"PrismaClientValidationError"},"level":"error","message":"Falha ao objter posts"}
{"error":{"clientVersion":"5.12.1","name":"PrismaClientInitializationError"},"level":"error","message":"Falha ao objter posts"}
{"error":{"clientVersion":"5.12.1","name":"PrismaClientInitializationError"},"level":"error","message":"Falha ao objter posts"}
{"error":{"clientVersion":"5.12.1","name":"PrismaClientInitializationError"},"level":"error","message":"Falha ao objter posts"}
{"error":{"clientVersion":"5.12.1","name":"PrismaClientInitializationError"},"level":"error","message":"Falha ao objter posts"}
{"error":{"clientVersion":"5.12.1","code":"P2022","meta":{"column":"Post.likes","modelName":"Post"},"name":"PrismaClientKnownRequestError"},"level":"error","message":"Falha ao objter posts"}
{"error":{},"level":"error","message":"Falha ao objter posts"}
{"error":{},"level":"error","message":"Falha ao objter posts"}
{"error":{},"level":"error","message":"Falha ao objter posts"}
{"error":{"clientVersion":"5.12.1","name":"PrismaClientUnknownRequestError"},"level":"error","message":"Falha ao objter posts"}
{"error":{"clientVersion":"5.12.1","name":"PrismaClientUnknownRequestError"},"level":"error","message":"Falha ao objter posts"}
{"error":{"clientVersion":"5.12.1","name":"PrismaClientUnknownRequestError"},"level":"error","message":"Falha ao objter posts"}
{"error":{"clientVersion":"5.12.1","name":"PrismaClientUnknownRequestError"},"level":"error","message":"Falha ao objter posts"}
{"error":{"clientVersion":"5.12.1","name":"PrismaClientUnknownRequestError"},"level":"error","message":"Falha ao objter posts"}
{"error":{"clientVersion":"5.12.1","name":"PrismaClientUnknownRequestError"},"level":"error","message":"Falha ao objter posts"}
{"error":{"clientVersion":"5.12.1","name":"PrismaClientUnknownRequestError"},"level":"error","message":"Falha ao objter posts"}
{"error":{"clientVersion":"5.12.1","name":"PrismaClientUnknownRequestError"},"level":"error","message":"Falha ao objter posts"}
{"error":{"clientVersion":"5.12.1","name":"PrismaClientUnknownRequestError"},"level":"error","message":"Falha ao objter posts"}
{"error":{"clientVersion":"5.12.1","name":"PrismaClientUnknownRequestError"},"level":"error","message":"Falha ao objter posts"}
{"error":{"clientVersion":"5.12.1","name":"PrismaClientUnknownRequestError"},"level":"error","message":"Falha ao objter posts"}
{"error":{"clientVersion":"5.12.1","name":"PrismaClientUnknownRequestError"},"level":"error","message":"Falha ao objter posts"}
{"error":{"clientVersion":"5.12.1","name":"PrismaClientUnknownRequestError"},"level":"error","message":"Falha ao objter posts"}
{"error":{"clientVersion":"5.12.1","name":"PrismaClientUnknownRequestError"},"level":"error","message":"Falha ao objter posts"}
{"error":{"clientVersion":"5.12.1","name":"PrismaClientUnknownRequestError"},"level":"error","message":"Falha ao objter posts"}
{"error":{"clientVersion":"5.12.1","name":"PrismaClientUnknownRequestError"},"level":"error","message":"Falha ao objter posts"}
{"error":{"clientVersion":"5.12.1","name":"PrismaClientUnknownRequestError"},"level":"error","message":"Falha ao objter posts"}
{"error":{"clientVersion":"5.12.1","name":"PrismaClientUnknownRequestError"},"level":"error","message":"Falha ao objter posts"}
{"error":{"clientVersion":"5.12.1","name":"PrismaClientUnknownRequestError"},"level":"error","message":"Falha ao objter posts"}
{"error":{"clientVersion":"5.12.1","name":"PrismaClientUnknownRequestError"},"level":"error","message":"Falha ao objter posts"}
{"error":{"clientVersion":"5.12.1","name":"PrismaClientUnknownRequestError"},"level":"error","message":"Falha ao objter posts"}
{"error":{"clientVersion":"5.12.1","name":"PrismaClientUnknownRequestError"},"level":"error","message":"Falha ao objter posts"}
{"error":{"clientVersion":"5.12.1","name":"PrismaClientUnknownRequestError"},"level":"error","message":"Falha ao objter posts"}
{"error":{"clientVersion":"5.12.1","name":"PrismaClientUnknownRequestError"},"level":"error","message":"Falha ao objter posts"}
{"error":{"clientVersion":"5.12.1","name":"PrismaClientUnknownRequestError"},"level":"error","message":"Falha ao objter posts"}
{"error":{"clientVersion":"5.12.1","name":"PrismaClientUnknownRequestError"},"level":"error","message":"Falha ao objter posts"}
{"error":{"clientVersion":"5.12.1","name":"PrismaClientUnknownRequestError"},"level":"error","message":"Falha ao objter posts"}
{"error":{"clientVersion":"5.12.1","name":"PrismaClientUnknownRequestError"},"level":"error","message":"Falha ao objter posts"}
{"error":{"clientVersion":"5.12.1","name":"PrismaClientUnknownRequestError"},"level":"error","message":"Falha ao objter posts"}
{"error":{"clientVersion":"5.12.1","name":"PrismaClientUnknownRequestError"},"level":"error","message":"Falha ao objter posts"}
{"error":{"clientVersion":"5.12.1","name":"PrismaClientUnknownRequestError"},"level":"error","message":"Falha ao objter posts"}
{"error":{"clientVersion":"5.12.1","name":"PrismaClientUnknownRequestError"},"level":"error","message":"Falha ao objter posts"}
{"error":{"clientVersion":"5.12.1","name":"PrismaClientUnknownRequestError"},"level":"error","message":"Falha ao objter posts"}
{"error":{},"level":"error","message":"Falha ao objter posts"}
{"error":{"clientVersion":"5.12.1","name":"PrismaClientInitializationError"},"level":"error","message":"Falha ao objter posts"}
{"error":{"clientVersion":"5.12.1","name":"PrismaClientInitializationError"},"level":"error","message":"Falha ao objter posts"}
{"error":{"clientVersion":"5.12.1","name":"PrismaClientInitializationError"},"level":"error","message":"Falha ao objter posts"}
{"error":{"clientVersion":"5.12.1","name":"PrismaClientInitializationError"},"level":"error","message":"Falha ao objter posts"}
{"error":{"clientVersion":"5.12.1","name":"PrismaClientInitializationError"},"level":"error","message":"Falha ao objter posts"}
{"error":{"clientVersion":"5.12.1","name":"PrismaClientInitializationError"},"level":"error","message":"Falha ao objter posts"}
{"error":{"clientVersion":"5.12.1","name":"PrismaClientInitializationError"},"level":"error","message":"Falha ao objter posts"}
{"error":{"clientVersion":"5.12.1","name":"PrismaClientInitializationError"},"level":"error","message":"Falha ao objter posts"}
{"error":{"clientVersion":"5.12.1","name":"PrismaClientInitializationError"},"level":"error","message":"Falha ao objter posts"}
{"error":{"clientVersion":"5.12.1","name":"PrismaClientInitializationError"},"level":"error","message":"Falha ao objter posts"}
{"error":{"clientVersion":"5.12.1","name":"PrismaClientInitializationError"},"level":"error","message":"Falha ao objter posts"}
{"error":{"clientVersion":"5.12.1","name":"PrismaClientInitializationError"},"level":"error","message":"Falha ao objter posts"}
{"error":{"clientVersion":"5.12.1","name":"PrismaClientInitializationError"},"level":"error","message":"Falha ao objter posts"}
{"error":{"clientVersion":"5.12.1","name":"PrismaClientInitializationError"},"level":"error","message":"Falha ao objter posts"}
{"error":{"clientVersion":"5.12.1","name":"PrismaClientInitializationError"},"level":"error","message":"Falha ao objter posts"}
{"error":{},"level":"error","message":"Falha ao objter o post com slug: ","slug":"explorando-flexbox-no-css"}
{"error":{},"level":"error","message":"Falha ao objter o post com slug: ","slug":"explorando-flexbox-no-css"}
{"error":{},"level":"error","message":"Falha ao objter o post com slug: ","slug":"explorando-flexbox-no-css"}
{"error":{"clientVersion":"5.12.1","name":"PrismaClientInitializationError"},"level":"error","message":"Falha ao objter o post com slug: ","slug":"otimizacao-de-performance-no-react"}
{"error":{"clientVersion":"5.12.1","name":"PrismaClientInitializationError"},"level":"error","message":"Falha ao objter posts"}
{"error":{"clientVersion":"5.12.1","name":"PrismaClientInitializationError"},"level":"error","message":"Falha ao objter posts"}
{"error":{"clientVersion":"5.12.1","name":"PrismaClientInitializationError"},"level":"error","message":"Falha ao objter posts"}
{"error":{"clientVersion":"5.12.1","name":"PrismaClientInitializationError"},"level":"error","message":"Falha ao objter posts"}
{"error":{"clientVersion":"5.12.1","name":"PrismaClientInitializationError"},"level":"error","message":"Falha ao objter posts"}
{"error":{"clientVersion":"5.12.1","name":"PrismaClientInitializationError"},"level":"error","message":"Falha ao objter posts"}
{"error":{"clientVersion":"5.12.1","name":"PrismaClientInitializationError"},"level":"error","message":"Falha ao objter posts"}
{"error":{"clientVersion":"5.12.1","name":"PrismaClientInitializationError"},"level":"error","message":"Falha ao objter posts"}
{"error":{"clientVersion":"5.12.1","name":"PrismaClientInitializationError"},"level":"error","message":"Falha ao objter posts"}
{"error":{"clientVersion":"5.12.1","name":"PrismaClientInitializationError"},"level":"error","message":"Falha ao objter posts"}
{"error":{"clientVersion":"5.12.1","name":"PrismaClientInitializationError"},"level":"error","message":"Falha ao objter posts"}
{"error":{"clientVersion":"5.12.1","name":"PrismaClientInitializationError"},"level":"error","message":"Falha ao objter posts"}
{"error":{"clientVersion":"5.12.1","name":"PrismaClientInitializationError"},"level":"error","message":"Falha ao objter posts"}
{"error":{"clientVersion":"5.12.1","name":"PrismaClientInitializationError"},"level":"error","message":"Falha ao objter posts"}
{"error":{"clientVersion":"5.12.1","name":"PrismaClientInitializationError"},"level":"error","message":"Falha ao objter posts"}
{"error":{"clientVersion":"5.12.1","code":"P2037","meta":{"message":"FATAL: sorry, too many clients already","modelName":"Post"},"name":"PrismaClientKnownRequestError"},"level":"error","message":"Falha ao objter o post com slug: ","slug":"explorando-flexbox-no-css"}
{"error":{},"level":"error","message":"Falha ao objter o post com slug: ","slug":"%5Bobject%20Object%5D"}
{"error":{"clientVersion":"5.12.1","name":"PrismaClientInitializationError"},"level":"error","message":"Falha ao objter o post com slug: ","slug":"construindo-spa-com-vuejs"}
{"error":{"clientVersion":"5.12.1","name":"PrismaClientInitializationError"},"level":"error","message":"Falha ao objter o post com slug: ","slug":"construindo-spa-com-vuejs"}
{"error":{"clientVersion":"5.12.1","name":"PrismaClientInitializationError"},"level":"error","message":"Falha ao objter posts"}
{"error":{"clientVersion":"5.12.1","name":"PrismaClientInitializationError"},"level":"error","message":"Falha ao objter posts"}
{"error":{"clientVersion":"5.12.1","name":"PrismaClientInitializationError"},"level":"error","message":"Falha ao objter posts"}
