{"error":{"clientVersion":"5.12.1","name":"PrismaClientInitializationError"},"level":"error","message":"Falha ao objter posts"}
{"error":{},"level":"error","message":"Falha ao objter posts"}
{"error":{},"level":"error","message":"Falha ao objter posts"}
{"error":{},"level":"error","message":"Falha ao objter posts"}
{"error":{},"level":"error","message":"Falha ao objter posts"}
{"error":{},"level":"error","message":"Falha ao objter posts"}
{"error":{},"level":"error","message":"Falha ao objter posts"}
{"error":{},"level":"error","message":"Falha ao objter posts"}
{"error":{"clientVersion":"5.12.1","name":"PrismaClientValidationError"},"level":"error","message":"Falha ao objter posts"}
{"error":{},"level":"error","message":"Falha ao objter posts"}
{"error":{},"level":"error","message":"Falha ao objter posts"}
{"error":{},"level":"error","message":"Falha ao objter posts"}
{"error":{},"level":"error","message":"Falha ao objter posts"}
{"error":{},"level":"error","message":"Falha ao objter posts"}
{"error":{},"level":"error","message":"Falha ao objter posts"}
{"error":{},"level":"error","message":"Falha ao objter posts"}
{"error":{},"level":"error","message":"Falha ao objter posts"}
{"error":{},"level":"error","message":"Falha ao objter posts"}
{"error":{},"level":"error","message":"Falha ao objter posts"}
{"error":{},"level":"error","message":"Falha ao objter posts"}
{"error":{},"level":"error","message":"Falha ao objter posts"}
{"error":{"clientVersion":"5.12.1","name":"PrismaClientInitializationError"},"level":"error","message":"Falha ao objter posts"}
{"error":{"clientVersion":"5.12.1","name":"PrismaClientInitializationError"},"level":"error","message":"Falha ao objter posts"}
{"error":{"clientVersion":"5.12.1","name":"PrismaClientInitializationError"},"level":"error","message":"Falha ao objter posts"}
{"error":{"clientVersion":"5.12.1","name":"PrismaClientInitializationError"},"level":"error","message":"Falha ao objter posts"}
{"error":{"clientVersion":"5.12.1","name":"PrismaClientInitializationError"},"level":"error","message":"Falha ao objter posts"}
{"error":{"clientVersion":"5.12.1","name":"PrismaClientInitializationError"},"level":"error","message":"Falha ao objter posts"}
{"error":{"clientVersion":"5.12.1","name":"PrismaClientInitializationError"},"level":"error","message":"Falha ao objter posts"}
{"error":{"clientVersion":"5.12.1","name":"PrismaClientInitializationError"},"level":"error","message":"Falha ao objter posts"}
{"error":{"clientVersion":"5.12.1","name":"PrismaClientInitializationError"},"level":"error","message":"Falha ao objter posts"}
{"error":{"clientVersion":"5.12.1","name":"PrismaClientInitializationError"},"level":"error","message":"Falha ao objter posts"}
{"error":{"clientVersion":"5.12.1","name":"PrismaClientInitializationError"},"level":"error","message":"Falha ao objter posts"}
{"error":{"clientVersion":"5.12.1","name":"PrismaClientInitializationError"},"level":"error","message":"Falha ao objter posts"}
{"error":{},"level":"error","message":"Falha ao objter o post com slug: ","slug":"otimizacao-de-performance-no-reactasd"}
{"error":{},"level":"error","message":"Falha ao objter o post com slug: ","slug":"otimizacao-de-performance-no-reactada"}
{"error":{},"level":"error","message":"Falha ao objter o post com slug: ","slug":"angular-primeiros-passoss"}
{"error":{},"level":"error","message":"Falha ao objter posts"}
{"error":{},"level":"error","message":"Falha ao objter posts"}
{"error":{},"level":"error","message":"Falha ao objter posts"}
{"error":{},"level":"error","message":"Falha ao objter posts"}
{"error":{"clientVersion":"5.12.1","name":"PrismaClientValidationError"},"level":"error","message":"Falha ao objter posts"}
{"error":{"clientVersion":"5.12.1","name":"PrismaClientValidationError"},"level":"error","message":"Falha ao objter posts"}
{"error":{"clientVersion":"5.12.1","name":"PrismaClientValidationError"},"level":"error","message":"Falha ao objter posts"}
{"error":{"clientVersion":"5.12.1","name":"PrismaClientValidationError"},"level":"error","message":"Falha ao objter posts"}
{"error":{"clientVersion":"5.12.1","name":"PrismaClientValidationError"},"level":"error","message":"Falha ao objter posts"}
{"error":{"clientVersion":"5.12.1","name":"PrismaClientValidationError"},"level":"error","message":"Falha ao objter posts"}
{"error":{"clientVersion":"5.12.1","name":"PrismaClientValidationError"},"level":"error","message":"Falha ao objter posts"}
{"error":{"clientVersion":"5.12.1","name":"PrismaClientValidationError"},"level":"error","message":"Falha ao objter posts"}
{"error":{"clientVersion":"5.12.1","name":"PrismaClientValidationError"},"level":"error","message":"Falha ao objter posts"}
{"error":{"clientVersion":"5.12.1","name":"PrismaClientValidationError"},"level":"error","message":"Falha ao objter posts"}
{"error":{"clientVersion":"5.12.1","name":"PrismaClientValidationError"},"level":"error","message":"Falha ao objter posts"}
{"error":{"clientVersion":"5.12.1","name":"PrismaClientValidationError"},"level":"error","message":"Falha ao objter posts"}
{"error":{"clientVersion":"5.12.1","name":"PrismaClientValidationError"},"level":"error","message":"Falha ao objter posts"}
{"error":{"clientVersion":"5.12.1","name":"PrismaClientInitializationError"},"level":"error","message":"Falha ao objter posts"}
{"error":{"clientVersion":"5.12.1","name":"PrismaClientInitializationError"},"level":"error","message":"Falha ao objter posts"}
{"error":{"clientVersion":"5.12.1","name":"PrismaClientInitializationError"},"level":"error","message":"Falha ao objter posts"}
{"error":{"clientVersion":"5.12.1","name":"PrismaClientInitializationError"},"level":"error","message":"Falha ao objter posts"}
{"error":{"clientVersion":"5.12.1","code":"P2022","meta":{"column":"Post.likes","modelName":"Post"},"name":"PrismaClientKnownRequestError"},"level":"error","message":"Falha ao objter posts"}
